2025-01-20 16:09:05,819 - CpG_Detector_Parameter_Tuning - INFO - Trial 0: MSE: 0.7687, MAE: 0.6895, R-squared: 0.8166
2025-01-20 16:09:11,418 - CpG_Detector_Parameter_Tuning - INFO - Trial 1: MSE: 0.0880, MAE: 0.2304, R-squared: 0.9790
2025-01-20 16:09:17,227 - CpG_Detector_Parameter_Tuning - INFO - Trial 2: MSE: 0.3989, MAE: 0.4783, R-squared: 0.9048
2025-01-20 16:09:35,566 - CpG_Detector_Parameter_Tuning - INFO - Trial 3: MSE: 0.1906, MAE: 0.3381, R-squared: 0.9545
2025-01-20 16:09:43,417 - CpG_Detector_Parameter_Tuning - INFO - Trial 4: MSE: 0.0533, MAE: 0.1765, R-squared: 0.9873
2025-01-20 16:10:00,557 - CpG_Detector_Parameter_Tuning - INFO - Trial 5: MSE: 0.7224, MAE: 0.6604, R-squared: 0.8277
2025-01-20 16:10:06,178 - CpG_Detector_Parameter_Tuning - INFO - Trial 6: MSE: 1.6876, MAE: 1.0404, R-squared: 0.5974
2025-01-20 16:10:12,200 - CpG_Detector_Parameter_Tuning - INFO - Trial 7: MSE: 3.8261, MAE: 1.5493, R-squared: 0.0873
2025-01-20 16:10:19,821 - CpG_Detector_Parameter_Tuning - INFO - Trial 8: MSE: 0.0438, MAE: 0.1676, R-squared: 0.9896
2025-01-20 16:10:31,466 - CpG_Detector_Parameter_Tuning - INFO - Trial 9: MSE: 29.9448, MAE: 5.0747, R-squared: -6.1430
2025-01-20 16:10:46,171 - CpG_Detector_Parameter_Tuning - INFO - Trial 10: MSE: 4.3612, MAE: 1.6657, R-squared: -0.0403
2025-01-20 16:10:56,937 - CpG_Detector_Parameter_Tuning - INFO - Trial 11: MSE: 3.0661, MAE: 1.4002, R-squared: 0.2686
2025-01-20 16:11:12,276 - CpG_Detector_Parameter_Tuning - INFO - Trial 12: MSE: 0.1841, MAE: 0.3394, R-squared: 0.9561
2025-01-20 16:11:18,871 - CpG_Detector_Parameter_Tuning - INFO - Trial 13: MSE: 0.9750, MAE: 0.7689, R-squared: 0.7674
2025-01-20 16:11:31,379 - CpG_Detector_Parameter_Tuning - INFO - Trial 14: MSE: 0.2524, MAE: 0.3904, R-squared: 0.9398
2025-01-20 16:11:36,556 - CpG_Detector_Parameter_Tuning - INFO - Trial 15: MSE: 0.5539, MAE: 0.5729, R-squared: 0.8679
2025-01-20 16:11:46,249 - CpG_Detector_Parameter_Tuning - INFO - Trial 16: MSE: 4.2111, MAE: 1.6535, R-squared: -0.0045
2025-01-20 16:11:53,694 - CpG_Detector_Parameter_Tuning - INFO - Trial 17: MSE: 2.8432, MAE: 1.3400, R-squared: 0.3218
2025-01-20 16:12:01,116 - CpG_Detector_Parameter_Tuning - INFO - Trial 18: MSE: 0.0712, MAE: 0.2049, R-squared: 0.9830
2025-01-20 16:12:16,634 - CpG_Detector_Parameter_Tuning - INFO - Trial 19: MSE: 29.9448, MAE: 5.0747, R-squared: -6.1430
2025-01-20 16:12:23,002 - CpG_Detector_Parameter_Tuning - INFO - Trial 20: MSE: 0.0459, MAE: 0.1711, R-squared: 0.9891
2025-01-20 16:12:29,479 - CpG_Detector_Parameter_Tuning - INFO - Trial 21: MSE: 0.0563, MAE: 0.1820, R-squared: 0.9866
2025-01-20 16:12:36,282 - CpG_Detector_Parameter_Tuning - INFO - Trial 22: MSE: 0.0986, MAE: 0.2418, R-squared: 0.9765
2025-01-20 16:12:43,875 - CpG_Detector_Parameter_Tuning - INFO - Trial 23: MSE: 0.0046, MAE: 0.0539, R-squared: 0.9989
2025-01-20 16:12:49,670 - CpG_Detector_Parameter_Tuning - INFO - Trial 24: MSE: 1.5539, MAE: 0.9772, R-squared: 0.6293
2025-01-20 16:12:58,318 - CpG_Detector_Parameter_Tuning - INFO - Trial 25: MSE: 0.1697, MAE: 0.3170, R-squared: 0.9595
2025-01-20 16:13:06,058 - CpG_Detector_Parameter_Tuning - INFO - Trial 26: MSE: 0.0158, MAE: 0.0975, R-squared: 0.9962
2025-01-20 16:13:13,991 - CpG_Detector_Parameter_Tuning - INFO - Trial 27: MSE: 0.0073, MAE: 0.0658, R-squared: 0.9983
2025-01-20 16:13:25,954 - CpG_Detector_Parameter_Tuning - INFO - Trial 28: MSE: 29.9448, MAE: 5.0747, R-squared: -6.1430
2025-01-20 16:13:33,880 - CpG_Detector_Parameter_Tuning - INFO - Trial 29: MSE: 1.9164, MAE: 1.1033, R-squared: 0.5429
2025-01-20 16:13:41,310 - CpG_Detector_Parameter_Tuning - INFO - Trial 30: MSE: 0.1911, MAE: 0.3406, R-squared: 0.9544
2025-01-20 16:13:50,009 - CpG_Detector_Parameter_Tuning - INFO - Trial 31: MSE: 0.0080, MAE: 0.0695, R-squared: 0.9981
2025-01-20 16:13:57,055 - CpG_Detector_Parameter_Tuning - INFO - Trial 32: MSE: 0.0169, MAE: 0.1090, R-squared: 0.9960
2025-01-20 16:14:05,383 - CpG_Detector_Parameter_Tuning - INFO - Trial 33: MSE: 0.0070, MAE: 0.0665, R-squared: 0.9983
2025-01-20 16:14:14,054 - CpG_Detector_Parameter_Tuning - INFO - Trial 34: MSE: 0.3511, MAE: 0.4776, R-squared: 0.9162
2025-01-20 16:14:21,683 - CpG_Detector_Parameter_Tuning - INFO - Trial 35: MSE: 0.0840, MAE: 0.2252, R-squared: 0.9800
2025-01-20 16:14:30,341 - CpG_Detector_Parameter_Tuning - INFO - Trial 36: MSE: 0.0076, MAE: 0.0680, R-squared: 0.9982
2025-01-20 16:14:38,183 - CpG_Detector_Parameter_Tuning - INFO - Trial 37: MSE: 0.0160, MAE: 0.1006, R-squared: 0.9962
2025-01-20 16:14:57,069 - CpG_Detector_Parameter_Tuning - INFO - Trial 38: MSE: 29.9448, MAE: 5.0747, R-squared: -6.1430
2025-01-20 16:15:04,103 - CpG_Detector_Parameter_Tuning - INFO - Trial 39: MSE: 1.0077, MAE: 0.7928, R-squared: 0.7596
2025-01-20 16:15:11,315 - CpG_Detector_Parameter_Tuning - INFO - Trial 40: MSE: 0.0229, MAE: 0.1170, R-squared: 0.9945
2025-01-20 16:15:19,398 - CpG_Detector_Parameter_Tuning - INFO - Trial 41: MSE: 0.0056, MAE: 0.0586, R-squared: 0.9987
2025-01-20 16:15:27,261 - CpG_Detector_Parameter_Tuning - INFO - Trial 42: MSE: 0.0239, MAE: 0.1226, R-squared: 0.9943
2025-01-20 16:15:34,838 - CpG_Detector_Parameter_Tuning - INFO - Trial 43: MSE: 0.0070, MAE: 0.0655, R-squared: 0.9983
2025-01-20 16:15:43,823 - CpG_Detector_Parameter_Tuning - INFO - Trial 44: MSE: 0.0142, MAE: 0.0918, R-squared: 0.9966
2025-01-20 16:15:51,372 - CpG_Detector_Parameter_Tuning - INFO - Trial 45: MSE: 0.0819, MAE: 0.2300, R-squared: 0.9805
2025-01-20 16:15:58,000 - CpG_Detector_Parameter_Tuning - INFO - Trial 46: MSE: 0.0162, MAE: 0.1012, R-squared: 0.9961
2025-01-20 16:16:06,559 - CpG_Detector_Parameter_Tuning - INFO - Trial 47: MSE: 0.2019, MAE: 0.3493, R-squared: 0.9518
2025-01-20 16:16:13,758 - CpG_Detector_Parameter_Tuning - INFO - Trial 48: MSE: 0.0331, MAE: 0.1412, R-squared: 0.9921
2025-01-20 16:16:24,983 - CpG_Detector_Parameter_Tuning - INFO - Trial 49: MSE: 0.2179, MAE: 0.3634, R-squared: 0.9480
2025-01-20 16:31:05,473 - CpG_Detector_Parameter_Tuning - INFO - Trial 0: MSE: 3.9943, MAE: 1.6227, R-squared: 0.0472
2025-01-20 16:31:48,855 - CpG_Detector_Parameter_Tuning - INFO - Trial 1: MSE: 3.6610, MAE: 1.5401, R-squared: 0.1267
2025-01-20 16:32:32,108 - CpG_Detector_Parameter_Tuning - INFO - Trial 2: MSE: 3.6379, MAE: 1.5283, R-squared: 0.1322
2025-01-20 16:33:15,451 - CpG_Detector_Parameter_Tuning - INFO - Trial 3: MSE: 3.6175, MAE: 1.5200, R-squared: 0.1371
2025-01-20 16:33:58,778 - CpG_Detector_Parameter_Tuning - INFO - Trial 4: MSE: 3.5784, MAE: 1.5047, R-squared: 0.1464
2025-01-20 16:34:41,562 - CpG_Detector_Parameter_Tuning - INFO - Trial 5: MSE: 3.4320, MAE: 1.4718, R-squared: 0.1813
2025-01-20 16:35:24,418 - CpG_Detector_Parameter_Tuning - INFO - Trial 6: MSE: 3.3220, MAE: 1.4321, R-squared: 0.2076
2025-01-20 16:36:07,834 - CpG_Detector_Parameter_Tuning - INFO - Trial 7: MSE: 2.8415, MAE: 1.3125, R-squared: 0.3222
2025-01-20 16:36:51,316 - CpG_Detector_Parameter_Tuning - INFO - Trial 8: MSE: 2.4756, MAE: 1.1964, R-squared: 0.4095
2025-01-20 16:37:36,667 - CpG_Detector_Parameter_Tuning - INFO - Trial 9: MSE: 2.3564, MAE: 1.1511, R-squared: 0.4379
2025-01-20 16:38:16,757 - CpG_Detector_Parameter_Tuning - INFO - Trial 10: MSE: 2.0951, MAE: 1.0830, R-squared: 0.5002
2025-01-20 16:39:01,568 - CpG_Detector_Parameter_Tuning - INFO - Trial 11: MSE: 1.6066, MAE: 0.9555, R-squared: 0.6168
2025-01-20 16:39:47,358 - CpG_Detector_Parameter_Tuning - INFO - Trial 12: MSE: 1.4488, MAE: 0.8889, R-squared: 0.6544
2025-01-20 16:40:34,320 - CpG_Detector_Parameter_Tuning - INFO - Trial 13: MSE: 1.2782, MAE: 0.8440, R-squared: 0.6951
2025-01-20 16:41:18,839 - CpG_Detector_Parameter_Tuning - INFO - Trial 14: MSE: 1.2486, MAE: 0.8371, R-squared: 0.7022
2025-01-20 16:42:01,355 - CpG_Detector_Parameter_Tuning - INFO - Trial 15: MSE: 1.0186, MAE: 0.7193, R-squared: 0.7570
2025-01-20 16:42:44,133 - CpG_Detector_Parameter_Tuning - INFO - Trial 16: MSE: 0.9456, MAE: 0.6978, R-squared: 0.7744
2025-01-20 16:43:26,740 - CpG_Detector_Parameter_Tuning - INFO - Trial 17: MSE: 0.9295, MAE: 0.6822, R-squared: 0.7783
2025-01-20 16:44:08,993 - CpG_Detector_Parameter_Tuning - INFO - Trial 18: MSE: 0.8712, MAE: 0.6407, R-squared: 0.7922
2025-01-20 16:44:50,870 - CpG_Detector_Parameter_Tuning - INFO - Trial 19: MSE: 0.9975, MAE: 0.7504, R-squared: 0.7621
2025-01-20 16:45:32,789 - CpG_Detector_Parameter_Tuning - INFO - Trial 20: MSE: 0.8373, MAE: 0.6482, R-squared: 0.8003
2025-01-20 16:46:21,541 - CpG_Detector_Parameter_Tuning - INFO - Trial 21: MSE: 0.7586, MAE: 0.5928, R-squared: 0.8190
2025-01-20 16:47:05,438 - CpG_Detector_Parameter_Tuning - INFO - Trial 22: MSE: 0.8100, MAE: 0.6320, R-squared: 0.8068
2025-01-20 16:47:49,337 - CpG_Detector_Parameter_Tuning - INFO - Trial 23: MSE: 0.7589, MAE: 0.6163, R-squared: 0.8190
2025-01-20 16:48:32,693 - CpG_Detector_Parameter_Tuning - INFO - Trial 24: MSE: 0.8209, MAE: 0.6544, R-squared: 0.8042
2025-01-20 16:49:16,711 - CpG_Detector_Parameter_Tuning - INFO - Trial 25: MSE: 0.6373, MAE: 0.5323, R-squared: 0.8480
2025-01-20 16:49:59,568 - CpG_Detector_Parameter_Tuning - INFO - Trial 26: MSE: 0.6442, MAE: 0.5463, R-squared: 0.8463
2025-01-20 16:50:41,710 - CpG_Detector_Parameter_Tuning - INFO - Trial 27: MSE: 0.6624, MAE: 0.5510, R-squared: 0.8420
2025-01-20 16:51:25,054 - CpG_Detector_Parameter_Tuning - INFO - Trial 28: MSE: 0.7604, MAE: 0.6168, R-squared: 0.8186
2025-01-20 16:52:08,582 - CpG_Detector_Parameter_Tuning - INFO - Trial 29: MSE: 0.8303, MAE: 0.6723, R-squared: 0.8019
2025-01-20 16:52:51,669 - CpG_Detector_Parameter_Tuning - INFO - Trial 30: MSE: 0.7467, MAE: 0.6368, R-squared: 0.8219
2025-01-20 16:53:34,424 - CpG_Detector_Parameter_Tuning - INFO - Trial 31: MSE: 0.6288, MAE: 0.5335, R-squared: 0.8500
2025-01-20 16:54:17,404 - CpG_Detector_Parameter_Tuning - INFO - Trial 32: MSE: 0.5868, MAE: 0.5161, R-squared: 0.8600
2025-01-20 16:55:00,910 - CpG_Detector_Parameter_Tuning - INFO - Trial 33: MSE: 0.5486, MAE: 0.4862, R-squared: 0.8691
2025-01-20 16:55:47,253 - CpG_Detector_Parameter_Tuning - INFO - Trial 34: MSE: 0.6247, MAE: 0.5503, R-squared: 0.8510
2025-01-20 16:56:32,797 - CpG_Detector_Parameter_Tuning - INFO - Trial 35: MSE: 0.5948, MAE: 0.5330, R-squared: 0.8581
2025-01-20 16:57:15,035 - CpG_Detector_Parameter_Tuning - INFO - Trial 36: MSE: 0.6949, MAE: 0.5932, R-squared: 0.8342
2025-01-20 16:57:56,179 - CpG_Detector_Parameter_Tuning - INFO - Trial 37: MSE: 0.5694, MAE: 0.5123, R-squared: 0.8642
2025-01-20 16:58:37,586 - CpG_Detector_Parameter_Tuning - INFO - Trial 38: MSE: 0.6385, MAE: 0.5655, R-squared: 0.8477
2025-01-20 16:59:19,420 - CpG_Detector_Parameter_Tuning - INFO - Trial 39: MSE: 0.5991, MAE: 0.5411, R-squared: 0.8571
2025-01-20 17:00:00,819 - CpG_Detector_Parameter_Tuning - INFO - Trial 40: MSE: 0.5548, MAE: 0.5036, R-squared: 0.8677
2025-01-20 17:00:42,681 - CpG_Detector_Parameter_Tuning - INFO - Trial 41: MSE: 0.5681, MAE: 0.5196, R-squared: 0.8645
2025-01-20 17:01:27,949 - CpG_Detector_Parameter_Tuning - INFO - Trial 42: MSE: 0.5284, MAE: 0.4752, R-squared: 0.8739
2025-01-20 17:02:08,990 - CpG_Detector_Parameter_Tuning - INFO - Trial 43: MSE: 0.5733, MAE: 0.5144, R-squared: 0.8632
2025-01-20 17:02:50,221 - CpG_Detector_Parameter_Tuning - INFO - Trial 44: MSE: 0.5110, MAE: 0.4723, R-squared: 0.8781
2025-01-20 17:03:31,684 - CpG_Detector_Parameter_Tuning - INFO - Trial 45: MSE: 0.5177, MAE: 0.4954, R-squared: 0.8765
2025-01-20 17:04:13,507 - CpG_Detector_Parameter_Tuning - INFO - Trial 46: MSE: 0.5957, MAE: 0.5480, R-squared: 0.8579
2025-01-20 17:04:55,422 - CpG_Detector_Parameter_Tuning - INFO - Trial 47: MSE: 0.6386, MAE: 0.5691, R-squared: 0.8477
2025-01-20 17:05:37,107 - CpG_Detector_Parameter_Tuning - INFO - Trial 48: MSE: 0.6706, MAE: 0.5940, R-squared: 0.8400
2025-01-20 17:06:18,363 - CpG_Detector_Parameter_Tuning - INFO - Trial 49: MSE: 0.4580, MAE: 0.4432, R-squared: 0.8908
2025-01-20 19:12:14,121 - CpG_Detector_Parameter_Tuning - INFO - Trial 0: Hidden Size: 37, Num Layers: 2, Dropout: 0.23, Learning Rate: 0.0004 | MSE: 3.8712, MAE: 1.5856, R-squared: 0.0766
2025-01-20 19:13:04,197 - CpG_Detector_Parameter_Tuning - INFO - Trial 1: Hidden Size: 107, Num Layers: 3, Dropout: 0.01, Learning Rate: 0.0009 | MSE: 3.6253, MAE: 1.5137, R-squared: 0.1352
2025-01-20 19:13:49,976 - CpG_Detector_Parameter_Tuning - INFO - Trial 2: Hidden Size: 98, Num Layers: 1, Dropout: 0.33, Learning Rate: 0.0003 | MSE: 3.2165, MAE: 1.4387, R-squared: 0.2327
2025-01-20 19:14:32,811 - CpG_Detector_Parameter_Tuning - INFO - Trial 3: Hidden Size: 233, Num Layers: 2, Dropout: 0.15, Learning Rate: 0.0008 | MSE: 2.9273, MAE: 1.3559, R-squared: 0.3017
2025-01-20 19:15:17,721 - CpG_Detector_Parameter_Tuning - INFO - Trial 4: Hidden Size: 200, Num Layers: 1, Dropout: 0.14, Learning Rate: 0.0005 | MSE: 2.8484, MAE: 1.3364, R-squared: 0.3205
2025-01-20 19:16:12,257 - CpG_Detector_Parameter_Tuning - INFO - Trial 5: Hidden Size: 112, Num Layers: 1, Dropout: 0.24, Learning Rate: 0.0005 | MSE: 2.7480, MAE: 1.2975, R-squared: 0.3445
2025-01-20 19:16:52,285 - CpG_Detector_Parameter_Tuning - INFO - Trial 6: Hidden Size: 212, Num Layers: 3, Dropout: 0.24, Learning Rate: 0.0008 | MSE: 2.6873, MAE: 1.2849, R-squared: 0.3590
2025-01-20 19:17:30,378 - CpG_Detector_Parameter_Tuning - INFO - Trial 7: Hidden Size: 55, Num Layers: 1, Dropout: 0.06, Learning Rate: 0.0002 | MSE: 2.6222, MAE: 1.2809, R-squared: 0.3745
2025-01-20 19:18:06,309 - CpG_Detector_Parameter_Tuning - INFO - Trial 8: Hidden Size: 216, Num Layers: 3, Dropout: 0.42, Learning Rate: 0.0003 | MSE: 2.3499, MAE: 1.1755, R-squared: 0.4394
2025-01-20 19:18:47,742 - CpG_Detector_Parameter_Tuning - INFO - Trial 9: Hidden Size: 80, Num Layers: 1, Dropout: 0.04, Learning Rate: 0.0001 | MSE: 2.3575, MAE: 1.1827, R-squared: 0.4376
2025-01-20 19:19:32,757 - CpG_Detector_Parameter_Tuning - INFO - Trial 10: Hidden Size: 169, Num Layers: 3, Dropout: 0.49, Learning Rate: 0.0002 | MSE: 2.2118, MAE: 1.1333, R-squared: 0.4724
2025-01-20 19:20:14,598 - CpG_Detector_Parameter_Tuning - INFO - Trial 11: Hidden Size: 167, Num Layers: 3, Dropout: 0.49, Learning Rate: 0.0001 | MSE: 2.2219, MAE: 1.1501, R-squared: 0.4700
2025-01-20 19:20:59,386 - CpG_Detector_Parameter_Tuning - INFO - Trial 12: Hidden Size: 166, Num Layers: 3, Dropout: 0.49, Learning Rate: 0.0001 | MSE: 2.0683, MAE: 1.0959, R-squared: 0.5066
2025-01-20 19:21:49,195 - CpG_Detector_Parameter_Tuning - INFO - Trial 13: Hidden Size: 163, Num Layers: 2, Dropout: 0.38, Learning Rate: 0.0001 | MSE: 1.9226, MAE: 1.0368, R-squared: 0.5414
2025-01-20 19:22:25,260 - CpG_Detector_Parameter_Tuning - INFO - Trial 14: Hidden Size: 144, Num Layers: 2, Dropout: 0.36, Learning Rate: 0.0001 | MSE: 1.9344, MAE: 1.0666, R-squared: 0.5386
2025-01-20 19:23:02,730 - CpG_Detector_Parameter_Tuning - INFO - Trial 15: Hidden Size: 139, Num Layers: 2, Dropout: 0.35, Learning Rate: 0.0001 | MSE: 1.8276, MAE: 1.0334, R-squared: 0.5640
2025-01-20 19:23:45,549 - CpG_Detector_Parameter_Tuning - INFO - Trial 16: Hidden Size: 135, Num Layers: 2, Dropout: 0.35, Learning Rate: 0.0002 | MSE: 1.8326, MAE: 1.0381, R-squared: 0.5628
2025-01-20 19:24:22,753 - CpG_Detector_Parameter_Tuning - INFO - Trial 17: Hidden Size: 134, Num Layers: 2, Dropout: 0.31, Learning Rate: 0.0002 | MSE: 1.9564, MAE: 1.0701, R-squared: 0.5333
2025-01-20 19:24:59,269 - CpG_Detector_Parameter_Tuning - INFO - Trial 18: Hidden Size: 127, Num Layers: 2, Dropout: 0.41, Learning Rate: 0.0002 | MSE: 2.1234, MAE: 1.1206, R-squared: 0.4935
2025-01-20 19:25:35,720 - CpG_Detector_Parameter_Tuning - INFO - Trial 19: Hidden Size: 254, Num Layers: 2, Dropout: 0.29, Learning Rate: 0.0002 | MSE: 1.7147, MAE: 0.9712, R-squared: 0.5910
2025-01-20 19:26:17,335 - CpG_Detector_Parameter_Tuning - INFO - Trial 20: Hidden Size: 246, Num Layers: 2, Dropout: 0.29, Learning Rate: 0.0001 | MSE: 1.9938, MAE: 1.0738, R-squared: 0.5244
2025-01-20 19:27:01,895 - CpG_Detector_Parameter_Tuning - INFO - Trial 21: Hidden Size: 188, Num Layers: 2, Dropout: 0.28, Learning Rate: 0.0002 | MSE: 1.9183, MAE: 1.0695, R-squared: 0.5424
2025-01-20 19:27:49,500 - CpG_Detector_Parameter_Tuning - INFO - Trial 22: Hidden Size: 82, Num Layers: 2, Dropout: 0.19, Learning Rate: 0.0003 | MSE: 1.7435, MAE: 0.9989, R-squared: 0.5841
2025-01-20 19:28:38,188 - CpG_Detector_Parameter_Tuning - INFO - Trial 23: Hidden Size: 82, Num Layers: 2, Dropout: 0.18, Learning Rate: 0.0003 | MSE: 2.1993, MAE: 1.1472, R-squared: 0.4754
2025-01-20 19:29:20,842 - CpG_Detector_Parameter_Tuning - INFO - Trial 24: Hidden Size: 77, Num Layers: 2, Dropout: 0.19, Learning Rate: 0.0003 | MSE: 2.2609, MAE: 1.1397, R-squared: 0.4607
2025-01-20 19:30:08,950 - CpG_Detector_Parameter_Tuning - INFO - Trial 25: Hidden Size: 44, Num Layers: 2, Dropout: 0.27, Learning Rate: 0.0001 | MSE: 1.9093, MAE: 1.0559, R-squared: 0.5446
2025-01-20 19:31:00,001 - CpG_Detector_Parameter_Tuning - INFO - Trial 26: Hidden Size: 64, Num Layers: 2, Dropout: 0.12, Learning Rate: 0.0003 | MSE: 1.6223, MAE: 0.9547, R-squared: 0.6130
2025-01-20 19:31:55,379 - CpG_Detector_Parameter_Tuning - INFO - Trial 27: Hidden Size: 61, Num Layers: 1, Dropout: 0.12, Learning Rate: 0.0004 | MSE: 2.3272, MAE: 1.1534, R-squared: 0.4449
2025-01-20 19:32:46,430 - CpG_Detector_Parameter_Tuning - INFO - Trial 28: Hidden Size: 62, Num Layers: 2, Dropout: 0.10, Learning Rate: 0.0002 | MSE: 2.0231, MAE: 1.0882, R-squared: 0.5174
2025-01-20 19:33:40,094 - CpG_Detector_Parameter_Tuning - INFO - Trial 29: Hidden Size: 33, Num Layers: 3, Dropout: 0.21, Learning Rate: 0.0004 | MSE: 1.7427, MAE: 0.9823, R-squared: 0.5843
2025-01-20 19:34:36,871 - CpG_Detector_Parameter_Tuning - INFO - Trial 30: Hidden Size: 33, Num Layers: 3, Dropout: 0.21, Learning Rate: 0.0004 | MSE: 1.5211, MAE: 0.9286, R-squared: 0.6372
2025-01-20 19:35:28,960 - CpG_Detector_Parameter_Tuning - INFO - Trial 31: Hidden Size: 34, Num Layers: 3, Dropout: 0.17, Learning Rate: 0.0004 | MSE: 1.5315, MAE: 0.9187, R-squared: 0.6347
2025-01-20 19:36:22,808 - CpG_Detector_Parameter_Tuning - INFO - Trial 32: Hidden Size: 47, Num Layers: 3, Dropout: 0.17, Learning Rate: 0.0004 | MSE: 1.3452, MAE: 0.8518, R-squared: 0.6791
2025-01-20 19:37:18,022 - CpG_Detector_Parameter_Tuning - INFO - Trial 33: Hidden Size: 45, Num Layers: 3, Dropout: 0.16, Learning Rate: 0.0004 | MSE: 1.5743, MAE: 0.9530, R-squared: 0.6245
2025-01-20 19:38:02,016 - CpG_Detector_Parameter_Tuning - INFO - Trial 34: Hidden Size: 46, Num Layers: 3, Dropout: 0.16, Learning Rate: 0.0005 | MSE: 1.7795, MAE: 1.0313, R-squared: 0.5755
2025-01-20 19:38:43,578 - CpG_Detector_Parameter_Tuning - INFO - Trial 35: Hidden Size: 35, Num Layers: 3, Dropout: 0.08, Learning Rate: 0.0005 | MSE: 1.6055, MAE: 0.9394, R-squared: 0.6170
2025-01-20 19:39:23,895 - CpG_Detector_Parameter_Tuning - INFO - Trial 36: Hidden Size: 96, Num Layers: 3, Dropout: 0.22, Learning Rate: 0.0006 | MSE: 1.5849, MAE: 0.9414, R-squared: 0.6219
2025-01-20 19:40:04,665 - CpG_Detector_Parameter_Tuning - INFO - Trial 37: Hidden Size: 49, Num Layers: 3, Dropout: 0.16, Learning Rate: 0.0007 | MSE: 1.6730, MAE: 0.9711, R-squared: 0.6009
2025-01-20 19:40:44,579 - CpG_Detector_Parameter_Tuning - INFO - Trial 38: Hidden Size: 72, Num Layers: 3, Dropout: 0.25, Learning Rate: 0.0004 | MSE: 1.5443, MAE: 0.9229, R-squared: 0.6316
2025-01-20 19:41:25,119 - CpG_Detector_Parameter_Tuning - INFO - Trial 39: Hidden Size: 108, Num Layers: 3, Dropout: 0.24, Learning Rate: 0.0003 | MSE: 1.5162, MAE: 0.9149, R-squared: 0.6383
2025-01-20 19:42:17,559 - CpG_Detector_Parameter_Tuning - INFO - Trial 40: Hidden Size: 96, Num Layers: 3, Dropout: 0.24, Learning Rate: 0.0004 | MSE: 1.5339, MAE: 0.9255, R-squared: 0.6341
2025-01-20 19:43:02,877 - CpG_Detector_Parameter_Tuning - INFO - Trial 41: Hidden Size: 103, Num Layers: 3, Dropout: 0.23, Learning Rate: 0.0003 | MSE: 1.6596, MAE: 0.9725, R-squared: 0.6041
2025-01-20 19:43:45,118 - CpG_Detector_Parameter_Tuning - INFO - Trial 42: Hidden Size: 121, Num Layers: 3, Dropout: 0.25, Learning Rate: 0.0003 | MSE: 1.6112, MAE: 0.9454, R-squared: 0.6157
2025-01-20 19:44:24,347 - CpG_Detector_Parameter_Tuning - INFO - Trial 43: Hidden Size: 93, Num Layers: 3, Dropout: 0.22, Learning Rate: 0.0004 | MSE: 1.5497, MAE: 0.9204, R-squared: 0.6303
2025-01-20 19:45:01,089 - CpG_Detector_Parameter_Tuning - INFO - Trial 44: Hidden Size: 112, Num Layers: 3, Dropout: 0.02, Learning Rate: 0.0005 | MSE: 1.4522, MAE: 0.8774, R-squared: 0.6536
2025-01-20 19:45:38,290 - CpG_Detector_Parameter_Tuning - INFO - Trial 45: Hidden Size: 118, Num Layers: 3, Dropout: 0.01, Learning Rate: 0.0006 | MSE: 1.5568, MAE: 0.9161, R-squared: 0.6286
2025-01-20 19:46:16,624 - CpG_Detector_Parameter_Tuning - INFO - Trial 46: Hidden Size: 153, Num Layers: 3, Dropout: 0.03, Learning Rate: 0.0005 | MSE: 1.5104, MAE: 0.9205, R-squared: 0.6397
2025-01-20 19:46:55,970 - CpG_Detector_Parameter_Tuning - INFO - Trial 47: Hidden Size: 181, Num Layers: 3, Dropout: 0.02, Learning Rate: 0.0005 | MSE: 1.4749, MAE: 0.8927, R-squared: 0.6482
2025-01-20 19:47:49,067 - CpG_Detector_Parameter_Tuning - INFO - Trial 48: Hidden Size: 154, Num Layers: 3, Dropout: 0.03, Learning Rate: 0.0005 | MSE: 1.5658, MAE: 0.9492, R-squared: 0.6265
2025-01-20 19:48:35,520 - CpG_Detector_Parameter_Tuning - INFO - Trial 49: Hidden Size: 184, Num Layers: 3, Dropout: 0.00, Learning Rate: 0.0010 | MSE: 1.6745, MAE: 0.9847, R-squared: 0.6006
2025-01-20 19:48:35,528 - CpG_Detector_Parameter_Tuning - INFO - Best Trial:
2025-01-20 19:48:35,529 - CpG_Detector_Parameter_Tuning - INFO -   Value (MSE): 1.3452
2025-01-20 19:48:35,530 - CpG_Detector_Parameter_Tuning - INFO -   Params: {'hidden_size': 47, 'dropout': 0.16562919794099484, 'num_layers': 3, 'learning_rate': 0.00044250989823939443}
2025-01-20 23:13:13,233 - CpG_Detector_Parameter_Tuning - INFO - Trial 0: Hidden Size: 115, Num Layers: 1, Dropout: 0.25, Learning Rate: 0.0001 | MSE: 29.9448, MAE: 5.0747, R-squared: -6.1430
2025-01-20 23:13:22,245 - CpG_Detector_Parameter_Tuning - INFO - Trial 1: Hidden Size: 44, Num Layers: 1, Dropout: 0.12, Learning Rate: 0.0008 | MSE: 29.9448, MAE: 5.0747, R-squared: -6.1430
2025-01-20 23:55:20,207 - CpG_Detector_Parameter_Tuning - INFO - Trial 0: Hidden Size: 464, Num Layers: 5, Dropout: 0.19, Learning Rate: 0.0003 | MSE: 3.7413, MAE: 1.5623, R-squared: 0.1075
2025-01-20 23:56:15,014 - CpG_Detector_Parameter_Tuning - INFO - Trial 1: Hidden Size: 418, Num Layers: 5, Dropout: 0.16, Learning Rate: 0.0004 | MSE: 3.4022, MAE: 1.4702, R-squared: 0.1884
2025-01-20 23:57:27,929 - CpG_Detector_Parameter_Tuning - INFO - Trial 2: Hidden Size: 216, Num Layers: 5, Dropout: 0.16, Learning Rate: 0.0003 | MSE: 3.1470, MAE: 1.4062, R-squared: 0.2493
2025-01-20 23:59:28,440 - CpG_Detector_Parameter_Tuning - INFO - Trial 3: Hidden Size: 499, Num Layers: 4, Dropout: 0.12, Learning Rate: 0.0003 | MSE: 3.1545, MAE: 1.3998, R-squared: 0.2475
2025-01-21 00:03:44,370 - CpG_Detector_Parameter_Tuning - INFO - Trial 4: Hidden Size: 337, Num Layers: 1, Dropout: 0.17, Learning Rate: 0.0005 | MSE: 2.9247, MAE: 1.3503, R-squared: 0.3023
2025-01-21 00:07:22,322 - CpG_Detector_Parameter_Tuning - INFO - Trial 5: Hidden Size: 67, Num Layers: 2, Dropout: 0.19, Learning Rate: 0.0004 | MSE: 2.9091, MAE: 1.3312, R-squared: 0.3061
2025-01-21 00:08:48,418 - CpG_Detector_Parameter_Tuning - INFO - Trial 6: Hidden Size: 296, Num Layers: 4, Dropout: 0.14, Learning Rate: 0.0002 | MSE: 2.8506, MAE: 1.3166, R-squared: 0.3200
2025-01-21 00:09:52,808 - CpG_Detector_Parameter_Tuning - INFO - Trial 7: Hidden Size: 138, Num Layers: 2, Dropout: 0.11, Learning Rate: 0.0005 | MSE: 2.6229, MAE: 1.2705, R-squared: 0.3743
2025-01-21 00:10:47,709 - CpG_Detector_Parameter_Tuning - INFO - Trial 8: Hidden Size: 329, Num Layers: 4, Dropout: 0.16, Learning Rate: 0.0004 | MSE: 2.5607, MAE: 1.2481, R-squared: 0.3892
2025-01-21 00:11:41,533 - CpG_Detector_Parameter_Tuning - INFO - Trial 9: Hidden Size: 244, Num Layers: 3, Dropout: 0.16, Learning Rate: 0.0002 | MSE: 2.1717, MAE: 1.1379, R-squared: 0.4820
2025-01-21 00:12:40,545 - CpG_Detector_Parameter_Tuning - INFO - Trial 10: Hidden Size: 205, Num Layers: 3, Dropout: 0.13, Learning Rate: 0.0008 | MSE: 2.2934, MAE: 1.1813, R-squared: 0.4529
2025-01-21 00:13:40,784 - CpG_Detector_Parameter_Tuning - INFO - Trial 11: Hidden Size: 193, Num Layers: 3, Dropout: 0.14, Learning Rate: 0.0008 | MSE: 2.0093, MAE: 1.0925, R-squared: 0.5207
2025-01-21 00:14:46,036 - CpG_Detector_Parameter_Tuning - INFO - Trial 12: Hidden Size: 203, Num Layers: 3, Dropout: 0.14, Learning Rate: 0.0002 | MSE: 1.8250, MAE: 1.0329, R-squared: 0.5647
2025-01-21 00:15:42,119 - CpG_Detector_Parameter_Tuning - INFO - Trial 13: Hidden Size: 150, Num Layers: 2, Dropout: 0.13, Learning Rate: 0.0001 | MSE: 1.8863, MAE: 1.0497, R-squared: 0.5500
2025-01-21 00:16:40,577 - CpG_Detector_Parameter_Tuning - INFO - Trial 14: Hidden Size: 91, Num Layers: 2, Dropout: 0.13, Learning Rate: 0.0001 | MSE: 1.6367, MAE: 0.9680, R-squared: 0.6096
2025-01-21 00:17:38,825 - CpG_Detector_Parameter_Tuning - INFO - Trial 15: Hidden Size: 48, Num Layer
s: 1, Dropout: 0.12, Learning Rate: 0.0001 | MSE: 1.8001, MAE: 1.0169, R-squared: 0.5706
2025-01-21 00:18:41,907 - CpG_Detector_Parameter_Tuning - INFO - Trial 16: Hidden Size: 32, Num Layers: 1, Dropout: 0.12, Learning Rate: 0.0001 | MSE: 1.5904, MAE: 0.9504, R-squared: 0.6206
2025-01-21 00:19:45,040 - CpG_Detector_Parameter_Tuning - INFO - Trial 17: Hidden Size: 93, Num Layers: 1, Dropout: 0.10, Learning Rate: 0.0001 | MSE: 1.4353, MAE: 0.8917, R-squared: 0.6576
2025-01-21 00:20:36,984 - CpG_Detector_Parameter_Tuning - INFO - Trial 18: Hidden Size: 34, Num Layers: 1, Dropout: 0.10, Learning Rate: 0.0002 | MSE: 1.4815, MAE: 0.9090, R-squared: 0.6466
2025-01-21 00:21:28,957 - CpG_Detector_Parameter_Tuning - INFO - Trial 19: Hidden Size: 112, Num Layers: 1, Dropout: 0.10, Learning Rate: 0.0002 | MSE: 1.4978, MAE: 0.9069, R-squared: 0.6427
2025-01-21 00:22:22,180 - CpG_Detector_Parameter_Tuning - INFO - Trial 20: Hidden Size: 154, Num Layers: 1, Dropout: 0.11, Learning Rate: 0.0002 | MSE: 1.3018, MAE: 0.8413, R-squared: 0.6895
2025-01-21 00:23:14,390 - CpG_Detector_Parameter_Tuning - INFO - Trial 21: Hidden Size: 141, Num Layers: 1, Dropout: 0.10, Learning Rate: 0.0002 | MSE: 1.4320, MAE: 0.8924, R-squared: 0.6584
2025-01-21 00:24:22,030 - CpG_Detector_Parameter_Tuning - INFO - Trial 22: Hidden Size: 162, Num Layers: 1, Dropout: 0.11, Learning Rate: 0.0002 | MSE: 1.2332, MAE: 0.8082, R-squared: 0.7058
2025-01-21 00:25:12,176 - CpG_Detector_Parameter_Tuning - INFO - Trial 23: Hidden Size: 162, Num Layers: 2, Dropout: 0.11, Learning Rate: 0.0002 | MSE: 1.2485, MAE: 0.8205, R-squared: 0.7022
2025-01-21 00:26:02,561 - CpG_Detector_Parameter_Tuning - INFO - Trial 24: Hidden Size: 163, Num Layers: 2, Dropout: 0.11, Learning Rate: 0.0002 | MSE: 1.2238, MAE: 0.8142, R-squared: 0.7081
2025-01-21 00:26:53,941 - CpG_Detector_Parameter_Tuning - INFO - Trial 25: Hidden Size: 269, Num Layers: 2, Dropout: 0.12, Learning Rate: 0.0003 | MSE: 1.0254, MAE: 0.7470, R-squared: 0.7554
2025-01-21 00:27:48,524 - CpG_Detector_Parameter_Tuning - INFO - Trial 26: Hidden Size: 256, Num Layers: 2, Dropout: 0.12, Learning Rate: 0.0003 | MSE: 1.0911, MAE: 0.7575, R-squared: 0.7397
2025-01-21 00:28:47,330 - CpG_Detector_Parameter_Tuning - INFO - Trial 27: Hidden Size: 270, Num Layers: 2, Dropout: 0.13, Learning Rate: 0.0003 | MSE: 0.9919, MAE: 0.7226, R-squared: 0.7634
2025-01-21 00:29:44,602 - CpG_Detector_Parameter_Tuning - INFO - Trial 28: Hidden Size: 279, Num Layers: 2, Dropout: 0.12, Learning Rate: 0.0002 | MSE: 1.1226, MAE: 0.7816, R-squared: 0.7322
2025-01-21 00:30:39,388 - CpG_Detector_Parameter_Tuning - INFO - Trial 29: Hidden Size: 374, Num Layers: 2, Dropout: 0.15, Learning Rate: 0.0003 | MSE: 1.0694, MAE: 0.7445, R-squared: 0.7449
2025-01-21 00:31:31,541 - CpG_Detector_Parameter_Tuning - INFO - Trial 30: Hidden Size: 394, Num Layers: 3, Dropout: 0.15, Learning Rate: 0.0003 | MSE: 1.1641, MAE: 0.7862, R-squared: 0.7223
2025-01-21 00:32:29,415 - CpG_Detector_Parameter_Tuning - INFO - Trial 31: Hidden Size: 320, Num Layers: 2, Dropout: 0.15, Learning Rate: 0.0003 | MSE: 0.9501, MAE: 0.6929, R-squared: 0.7734
2025-01-21 00:33:20,464 - CpG_Detector_Parameter_Tuning - INFO - Trial 32: Hidden Size: 383, Num Layers: 2, Dropout: 0.15, Learning Rate: 0.0003 | MSE: 1.0772, MAE: 0.7549, R-squared: 0.7430
2025-01-21 00:34:10,733 - CpG_Detector_Parameter_Tuning - INFO - Trial 33: Hidden Size: 327, Num Layers: 3, Dropout: 0.17, Learning Rate: 0.0005 | MSE: 0.9799, MAE: 0.7141, R-squared: 0.7663
2025-01-21 00:35:00,002 - CpG_Detector_Parameter_Tuning - INFO - Trial 34: Hidden Size: 321, Num Layers: 3, Dropout: 0.18, Learning Rate: 0.0006 | MSE: 0.8959, MAE: 0.6803, R-squared: 0.7863
2025-01-21 00:35:52,226 - CpG_Detector_Parameter_Tuning - INFO - Trial 35: Hidden Size: 441, Num Layers: 3, Dropout: 0.18, Learning Rate: 0.0006 | MSE: 0.9333, MAE: 0.6944, R-squared: 0.7774
2025-01-21 00:37:06,880 - CpG_Detector_Parameter_Tuning - INFO - Trial 36: Hidden Size: 452, Num Layers: 4, Dropout: 0.18, Learning Rate: 0.0006 | MSE: 0.8864, MAE: 0.6792, R-squared: 0.7886
2025-01-21 00:37:59,529 - CpG_Detector_Parameter_Tuning - INFO - Trial 37: Hidden Size: 470, Num Layers: 4, Dropout: 0.19, Learning Rate: 0.0007 | MSE: 0.9441, MAE: 0.6940, R-squared: 0.7748
2025-01-21 00:38:54,507 - CpG_Detector_Parameter_Tuning - INFO - Trial 38: Hidden Size: 457, Num Layers: 5, Dropout: 0.20, Learning Rate: 0.0006 | MSE: 0.9214, MAE: 0.6770, R-squared: 0.7802
2025-01-21 00:39:50,016 - CpG_Detector_Parameter_Tuning - INFO - Trial 39: Hidden Size: 438, Num Layers: 5, Dropout: 0.18, Learning Rate: 0.0006 | MSE: 0.8836, MAE: 0.6600, R-squared: 0.7892
2025-01-21 00:40:44,183 - CpG_Detector_Parameter_Tuning - INFO - Trial 40: Hidden Size: 502, Num Layers: 5, Dropout: 0.19, Learning Rate: 0.0006 | MSE: 0.8460, MAE: 0.6427, R-squared: 0.7982
2025-01-21 00:41:37,240 - CpG_Detector_Parameter_Tuning - INFO - Trial 41: Hidden Size: 506, Num Layers: 5, Dropout: 0.19, Learning Rate: 0.0010 | MSE: 0.8586, MAE: 0.6503, R-squared: 0.7952
2025-01-21 00:42:27,321 - CpG_Detector_Parameter_Tuning - INFO - Trial 42: Hidden Size: 502, Num Layers: 5, Dropout: 0.18, Learning Rate: 0.0010 | MSE: 1.0887, MAE: 0.7743, R-squared: 0.7403
2025-01-21 00:43:18,961 - CpG_Detector_Parameter_Tuning - INFO - Trial 43: Hidden Size: 472, Num Layers: 5, Dropout: 0.19, Learning Rate: 0.0005 | MSE: 0.8796, MAE: 0.6616, R-squared: 0.7902
2025-01-21 00:44:11,293 - CpG_Detector_Parameter_Tuning - INFO - Trial 44: Hidden Size: 483, Num Layers: 5, Dropout: 0.19, Learning Rate: 0.0004 | MSE: 0.9145, MAE: 0.6860, R-squared: 0.7818
2025-01-21 00:45:05,158 - CpG_Detector_Parameter_Tuning - INFO - Trial 45: Hidden Size: 440, Num Layers: 4, Dropout: 0.17, Learning Rate: 0.0005 | MSE: 0.9660, MAE: 0.7074, R-squared: 0.7696
2025-01-21 00:45:57,607 - CpG_Detector_Parameter_Tuning - INFO - Trial 46: Hidden Size: 511, Num Layers: 5, Dropout: 0.19, Learning Rate: 0.0007 | MSE: 0.8185, MAE: 0.6376, R-squared: 0.8048
2025-01-21 00:46:49,664 - CpG_Detector_Parameter_Tuning - INFO - Trial 47: Hidden Size: 414, Num Layers: 5, Dropout: 0.19, Learning Rate: 0.0007 | MSE: 0.7678, MAE: 0.6253, R-squared: 0.8169
2025-01-21 00:47:41,386 - CpG_Detector_Parameter_Tuning - INFO - Trial 48: Hidden Size: 507, Num Layers: 5, Dropout: 0.19, Learning Rate: 0.0008 | MSE: 0.8479, MAE: 0.6521, R-squared: 0.7978
2025-01-21 00:48:34,576 - CpG_Detector_Parameter_Tuning - INFO - Trial 49: Hidden Size: 511, Num Layers: 5, Dropout: 0.19, Learning Rate: 0.0007 | MSE: 0.8844, MAE: 0.6758, R-squared: 0.7890
2025-01-21 00:49:28,370 - CpG_Detector_Parameter_Tuning - INFO - Trial 50: Hidden Size: 490, Num Layers: 5, Dropout: 0.20, Learning Rate: 0.0010 | MSE: 0.7266, MAE: 0.6028, R-squared: 0.8267
2025-01-21 00:50:39,509 - CpG_Detector_Parameter_Tuning - INFO - Trial 51: Hidden Size: 497, Num Layers: 5, Dropout: 0.20, Learning Rate: 0.0010 | MSE: 0.9513, MAE: 0.7270, R-squared: 0.7731
2025-01-21 00:51:45,479 - CpG_Detector_Parameter_Tuning - INFO - Trial 52: Hidden Size: 415, Num Layers: 5, Dropout: 0.19, Learning Rate: 0.0009 | MSE: 0.7102, MAE: 0.5863, R-squared: 0.8306
2025-01-21 00:52:47,297 - CpG_Detector_Parameter_Tuning - INFO - Trial 53: Hidden Size: 416, Num Layers: 5, Dropout: 0.19, Learning Rate: 0.0008 | MSE: 0.8208, MAE: 0.6404, R-squared: 0.8042
2025-01-21 00:53:47,952 - CpG_Detector_Parameter_Tuning - INFO - Trial 54: Hidden Size: 408, Num Layers: 4, Dropout: 0.19, Learning Rate: 0.0009 | MSE: 0.7998, MAE: 0.6373, R-squared: 0.8092
2025-01-21 00:54:49,101 - CpG_Detector_Parameter_Tuning - INFO - Trial 55: Hidden Size: 407, Num Layers: 4, Dropout: 0.19, Learning Rate: 0.0008 | MSE: 0.7048, MAE: 0.6003, R-squared: 0.8319
2025-01-21 00:55:50,744 - CpG_Detector_Parameter_Tuning - INFO - Trial 56: Hidden Size: 353, Num Layers: 4, Dropout: 0.20, Learning Rate: 0.0009 | MSE: 0.7668, MAE: 0.6185, R-squared: 0.8171
2025-01-21 00:56:51,252 - CpG_Detector_Parameter_Tuning - INFO - Trial 57: Hidden Size: 355, Num Layers: 4, Dropout: 0.19, Learning Rate: 0.0009 | MSE: 0.7382, MAE: 0.6060, R-squared: 0.8239
2025-01-21 00:57:52,044 - CpG_Detector_Parameter_Tuning - INFO - Trial 58: Hidden Size: 360, Num Layers: 4, Dropout: 0.20, Learning Rate: 0.0009 | MSE: 0.8174, MAE: 0.6539, R-squared: 0.8050
2025-01-21 00:58:52,892 - CpG_Detector_Parameter_Tuning - INFO - Trial 59: Hidden Size: 364, Num Layers: 4, Dropout: 0.20, Learning Rate: 0.0009 | MSE: 0.7831, MAE: 0.6224, R-squared: 0.8132
2025-01-21 00:59:55,219 - CpG_Detector_Parameter_Tuning - INFO - Trial 60: Hidden Size: 346, Num Layers: 4, Dropout: 0.18, Learning Rate: 0.0007 | MSE: 0.6516, MAE: 0.5745, R-squared: 0.8446
2025-01-21 01:00:56,794 - CpG_Detector_Parameter_Tuning - INFO - Trial 61: Hidden Size: 356, Num Layers: 4, Dropout: 0.20, Learning Rate: 0.0007 | MSE: 0.7325, MAE: 0.6129, R-squared: 0.8253
2025-01-21 01:01:58,587 - CpG_Detector_Parameter_Tuning - INFO - Trial 62: Hidden Size: 345, Num Layers: 4, Dropout: 0.20, Learning Rate: 0.0007 | MSE: 0.8711, MAE: 0.6607, R-squared: 0.7922
2025-01-21 01:03:01,548 - CpG_Detector_Parameter_Tuning - INFO - Trial 63: Hidden Size: 303, Num Layers: 4, Dropout: 0.19, Learning Rate: 0.0008 | MSE: 0.6541, MAE: 0.5794, R-squared: 0.8440
2025-01-21 01:04:02,312 - CpG_Detector_Parameter_Tuning - INFO - Trial 64: Hidden Size: 307, Num Layers: 4, Dropout: 0.18, Learning Rate: 0.0008 | MSE: 0.6917, MAE: 0.5907, R-squared: 0.8350
2025-01-21 01:05:04,343 - CpG_Detector_Parameter_Tuning - INFO - Trial 65: Hidden Size: 294, Num Layers: 4, Dropout: 0.18, Learning Rate: 0.0007 | MSE: 0.6793, MAE: 0.5897, R-squared: 0.8380
2025-01-21 01:06:04,803 - CpG_Detector_Parameter_Tuning - INFO - Trial 66: Hidden Size: 304, Num Layers: 4, Dropout: 0.17, Learning Rate: 0.0005 | MSE: 0.6819, MAE: 0.5801, R-squared: 0.8373
2025-01-21 01:07:06,460 - CpG_Detector_Parameter_Tuning - INFO - Trial 67: Hidden Size: 231, Num Layers: 4, Dropout: 0.17, Learning Rate: 0.0008 | MSE: 0.6837, MAE: 0.5920, R-squared: 0.8369
2025-01-21 01:08:07,175 - CpG_Detector_Parameter_Tuning - INFO - Trial 68: Hidden Size: 300, Num Layers: 4, Dropout: 0.17, Learning Rate: 0.0004 | MSE: 0.7178, MAE: 0.5946, R-squared: 0.8288
2025-01-21 01:09:08,603 - CpG_Detector_Parameter_Tuning - INFO - Trial 69: Hidden Size: 232, Num Layers: 4, Dropout: 0.16, Learning Rate: 0.0008 | MSE: 0.6122, MAE: 0.5565, R-squared: 0.8540
2025-01-21 01:10:08,968 - CpG_Detector_Parameter_Tuning - INFO - Trial 70: Hidden Size: 222, Num Layers: 4, Dropout: 0.16, Learning Rate: 0.0005 | MSE: 0.7907, MAE: 0.6449, R-squared: 0.8114
2025-01-21 01:11:10,369 - CpG_Detector_Parameter_Tuning - INFO - Trial 71: Hidden Size: 241, Num Layers: 4, Dropout: 0.17, Learning Rate: 0.0008 | MSE: 0.7678, MAE: 0.6240, R-squared: 0.8168
2025-01-21 01:12:11,323 - CpG_Detector_Parameter_Tuning - INFO - Trial 72: Hidden Size: 299, Num Layers: 4, Dropout: 0.16, Learning Rate: 0.0007 | MSE: 0.7340, MAE: 0.6280, R-squared: 0.8249
2025-01-21 01:13:11,694 - CpG_Detector_Parameter_Tuning - INFO - Trial 73: Hidden Size: 288, Num Layers: 4, Dropout: 0.17, Learning Rate: 0.0008 | MSE: 0.6611, MAE: 0.5858, R-squared: 0.8423
2025-01-21 01:14:05,923 - CpG_Detector_Parameter_Tuning - INFO - Trial 74: Hidden Size: 286, Num Layers: 4, Dropout: 0.17, Learning Rate: 0.0008 | MSE: 0.6217, MAE: 0.5714, R-squared: 0.8517
2025-01-21 01:14:59,118 - CpG_Detector_Parameter_Tuning - INFO - Trial 75: Hidden Size: 284, Num Layers: 3, Dropout: 0.16, Learning Rate: 0.0005 | MSE: 0.6486, MAE: 0.5676, R-squared: 0.8453
2025-01-21 01:15:52,382 - CpG_Detector_Parameter_Tuning - INFO - Trial 76: Hidden Size: 281, Num Layers: 3, Dropout: 0.16, Learning Rate: 0.0005 | MSE: 0.6210, MAE: 0.5524, R-squared: 0.8519
2025-01-21 01:16:47,752 - CpG_Detector_Parameter_Tuning - INFO - Trial 77: Hidden Size: 280, Num Layers: 3, Dropout: 0.16, Learning Rate: 0.0004 | MSE: 0.7462, MAE: 0.6066, R-squared: 0.8220
2025-01-21 01:17:40,401 - CpG_Detector_Parameter_Tuning - INFO - Trial 78: Hidden Size: 283, Num Layers: 3, Dropout: 0.16, Learning Rate: 0.0004 | MSE: 0.6095, MAE: 0.5450, R-squared: 0.8546
2025-01-21 01:18:36,613 - CpG_Detector_Parameter_Tuning - INFO - Trial 79: Hidden Size: 256, Num Layers: 3, Dropout: 0.15, Learning Rate: 0.0004 | MSE: 0.7252, MAE: 0.6038, R-squared: 0.8270
2025-01-21 01:19:35,369 - CpG_Detector_Parameter_Tuning - INFO - Trial 80: Hidden Size: 185, Num Layers: 3, Dropout: 0.16, Learning Rate: 0.0004 | MSE: 0.6149, MAE: 0.5517, R-squared: 0.8533
2025-01-21 01:20:27,715 - CpG_Detector_Parameter_Tuning - INFO - Trial 81: Hidden Size: 201, Num Layers: 3, Dropout: 0.16, Learning Rate: 0.0004 | MSE: 0.6703, MAE: 0.5816, R-squared: 0.8401
2025-01-21 01:21:21,196 - CpG_Detector_Parameter_Tuning - INFO - Trial 82: Hidden Size: 285, Num Layers: 3, Dropout: 0.17, Learning Rate: 0.0003 | MSE: 0.5701, MAE: 0.5312, R-squared: 0.8640
2025-01-21 01:22:13,090 - CpG_Detector_Parameter_Tuning - INFO - Trial 83: Hidden Size: 260, Num Layers: 3, Dropout: 0.16, Learning Rate: 0.0003 | MSE: 0.6584, MAE: 0.5735, R-squared: 0.8430
2025-01-21 01:23:05,546 - CpG_Detector_Parameter_Tuning - INFO - Trial 84: Hidden Size: 180, Num Layers: 3, Dropout: 0.16, Learning Rate: 0.0004 | MSE: 0.5948, MAE: 0.5384, R-squared: 0.8581
2025-01-21 01:23:56,028 - CpG_Detector_Parameter_Tuning - INFO - Trial 85: Hidden Size: 193, Num Layers: 3, Dropout: 0.15, Learning Rate: 0.0004 | MSE: 0.6713, MAE: 0.5815, R-squared: 0.8399
2025-01-21 01:24:48,639 - CpG_Detector_Parameter_Tuning - INFO - Trial 86: Hidden Size: 177, Num Layers: 3, Dropout: 0.15, Learning Rate: 0.0003 | MSE: 0.7058, MAE: 0.5965, R-squared: 0.8316
2025-01-21 01:25:40,500 - CpG_Detector_Parameter_Tuning - INFO - Trial 87: Hidden Size: 123, Num Layers: 3, Dropout: 0.16, Learning Rate: 0.0005 | MSE: 0.6730, MAE: 0.5763, R-squared: 0.8395
2025-01-21 01:26:32,650 - CpG_Detector_Parameter_Tuning - INFO - Trial 88: Hidden Size: 245, Num Layers: 3, Dropout: 0.14, Learning Rate: 0.0004 | MSE: 0.6135, MAE: 0.5478, R-squared: 0.8537
2025-01-21 01:27:24,282 - CpG_Detector_Parameter_Tuning - INFO - Trial 89: Hidden Size: 214, Num Layers: 3, Dropout: 0.16, Learning Rate: 0.0004 | MSE: 0.6811, MAE: 0.5760, R-squared: 0.8375
2025-01-21 01:28:15,732 - CpG_Detector_Parameter_Tuning - INFO - Trial 90: Hidden Size: 246, Num Layers: 3, Dropout: 0.14, Learning Rate: 0.0005 | MSE: 0.6241, MAE: 0.5490, R-squared: 0.8511
2025-01-21 01:29:07,198 - CpG_Detector_Parameter_Tuning - INFO - Trial 91: Hidden Size: 248, Num Layers: 3, Dropout: 0.14, Learning Rate: 0.0003 | MSE: 0.6317, MAE: 0.5642, R-squared: 0.8493
2025-01-21 01:29:59,868 - CpG_Detector_Parameter_Tuning - INFO - Trial 92: Hidden Size: 240, Num Layers: 3, Dropout: 0.14, Learning Rate: 0.0003 | MSE: 0.6051, MAE: 0.5507, R-squared: 0.8557
2025-01-21 01:30:52,001 - CpG_Detector_Parameter_Tuning - INFO - Trial 93: Hidden Size: 233, Num Layers: 3, Dropout: 0.13, Learning Rate: 0.0004 | MSE: 0.5876, MAE: 0.5427, R-squared: 0.8598
2025-01-21 01:31:44,861 - CpG_Detector_Parameter_Tuning - INFO - Trial 94: Hidden Size: 234, Num Layers: 3, Dropout: 0.13, Learning Rate: 0.0004 | MSE: 0.6660, MAE: 0.5787, R-squared: 0.8411
2025-01-21 01:32:36,956 - CpG_Detector_Parameter_Tuning - INFO - Trial 95: Hidden Size: 184, Num Layers: 3, Dropout: 0.14, Learning Rate: 0.0003 | MSE: 0.6003, MAE: 0.5399, R-squared: 0.8568
2025-01-21 01:33:28,378 - CpG_Detector_Parameter_Tuning - INFO - Trial 96: Hidden Size: 182, Num Layers: 3, Dropout: 0.13, Learning Rate: 0.0003 | MSE: 0.5385, MAE: 0.5163, R-squared: 0.8716
2025-01-21 01:34:20,582 - CpG_Detector_Parameter_Tuning - INFO - Trial 97: Hidden Size: 184, Num Layers: 3, Dropout: 0.14, Learning Rate: 0.0003 | MSE: 0.5814, MAE: 0.5309, R-squared: 0.8613
2025-01-21 01:35:12,919 - CpG_Detector_Parameter_Tuning - INFO - Trial 98: Hidden Size: 174, Num Layers: 3, Dropout: 0.13, Learning Rate: 0.0003 | MSE: 0.6106, MAE: 0.5531, R-squared: 0.8544
2025-01-21 01:36:04,403 - CpG_Detector_Parameter_Tuning - INFO - Trial 99: Hidden Size: 179, Num Layers: 3, Dropout: 0.14, Learning Rate: 0.0002 | MSE: 0.6558, MAE: 0.6080, R-squared: 0.8436
2025-01-21 01:36:04,419 - CpG_Detector_Parameter_Tuning - INFO - Best Trial:
2025-01-21 01:36:04,420 - CpG_Detector_Parameter_Tuning - INFO -   Value (MSE): 0.5385
2025-01-21 01:36:04,421 - CpG_Detector_Parameter_Tuning - INFO -   Params: {'hidden_size': 182, 'dropout': 0.13181082181497766, 'num_layers': 3, 'learning_rate': 0.00029717672681433286}
